<component name="libraryTable">
  <library name="junit-4.8">
    <CLASSES>
      <root url="jar://$PROJECT_DIR$/../../shared/libs/junit-4.8.jar!/" />
    </CLASSES>
    <JAVADOC />
    <SOURCES />
  </library>
</component>